<?xml version="1.0" encoding="UTF-8"?>
<!-- Generated by org.testng.reporters.JUnitReportReporter -->
<testsuite hostname="Kripalu-Kunj" failures="0" tests="2" name="testng.parallelExecution.TestClass2" time="10.049" errors="0" timestamp="2025-01-21T18:18:45 IST" skipped="0">
  <testcase classname="testng.parallelExecution.TestClass2" name="TestClass2_test1" time="5.020"/>
  <system-out/>
  <testcase classname="testng.parallelExecution.TestClass2" name="TestClass2_test2" time="5.029"/>
  <system-out/>
</testsuite> <!-- testng.parallelExecution.TestClass2 -->
