<?xml version="1.0" encoding="UTF-8"?>
<!-- Generated by org.testng.reporters.JUnitReportReporter -->
<testsuite hostname="Kripalu-Kunj" failures="0" tests="3" name="testng.parallelExecution.TestClass3" time="15.078" errors="0" timestamp="2025-01-21T18:18:45 IST" skipped="0">
  <testcase classname="testng.parallelExecution.TestClass3" name="TestClass3_test3" time="5.020"/>
  <system-out/>
  <testcase classname="testng.parallelExecution.TestClass3" name="TestClass3_test2" time="5.029"/>
  <system-out/>
  <testcase classname="testng.parallelExecution.TestClass3" name="TestClass3_test1" time="5.029"/>
  <system-out/>
</testsuite> <!-- testng.parallelExecution.TestClass3 -->
