<?xml version="1.0" encoding="UTF-8"?>
<!-- Generated by org.testng.reporters.JUnitReportReporter -->
<testsuite hostname="Kripalu-Kunj" failures="0" tests="1" name="testng.parallelExecution.TestClass1" time="5.029" errors="0" timestamp="2025-01-21T18:18:45 IST" skipped="0">
  <testcase classname="testng.parallelExecution.TestClass1" name="TestClass1_test1" time="5.029"/>
  <system-out/>
</testsuite> <!-- testng.parallelExecution.TestClass1 -->
