<?xml version="1.0" encoding="UTF-8"?>
<!-- Generated by org.testng.reporters.JUnitReportReporter -->
<testsuite hostname="Kripalu-Kunj" failures="0" tests="4" name="testng.parallelExecution.TestClass4" time="24.037" errors="0" timestamp="2025-01-20T11:08:27 IST" skipped="0">
  <testcase classname="testng.parallelExecution.TestClass4" name="TestClass4_test2" time="6.015"/>
  <testcase classname="testng.parallelExecution.TestClass4" name="TestClass4_test4" time="6.004"/>
  <testcase classname="testng.parallelExecution.TestClass4" name="TestClass4_test3" time="6.014"/>
  <testcase classname="testng.parallelExecution.TestClass4" name="TestClass4_test1" time="6.004"/>
</testsuite> <!-- testng.parallelExecution.TestClass4 -->
